build/app/intermediates/manifest_merge_blame_file/debug/manifest-merger-blame-debug-report.txt
1<?xml version="1.0" encoding="utf-8"?>
2<manifest xmlns:android="http://schemas.android.com/apk/res/android"
3    package="com.example.sp2_e_commerce"
4    android:versionCode="1"
5    android:versionName="1.0.0" >
6
7    <uses-sdk
8        android:minSdkVersion="20"
9        android:targetSdkVersion="33" />
10    <!--
11         The INTERNET permission is required for development. Specifically,
12         the Flutter tool needs it to communicate with the running application
13         to allow setting breakpoints, to provide hot reload, etc.
14    -->
15    <uses-permission android:name="android.permission.INTERNET" />
15-->src\debug\AndroidManifest.xml:7:5-66
15-->src\debug\AndroidManifest.xml:7:22-64
16    <uses-permission android:name="android.permission.FOREGROUND_SERVICE" />
16-->src\main\AndroidManifest.xml:4:5-77
16-->src\main\AndroidManifest.xml:4:22-74
17    <uses-permission android:name="android.permission.ACCESS_BACKGROUND_LOCATION" />
17-->src\main\AndroidManifest.xml:5:5-84
17-->src\main\AndroidManifest.xml:5:22-82
18    <uses-permission android:name="android.permission.WAKE_LOCK" />
18-->[:firebase_messaging] AndroidManifest.xml:10:5-68
18-->[:firebase_messaging] AndroidManifest.xml:10:22-65
19    <uses-permission android:name="android.permission.ACCESS_NETWORK_STATE" /> <!-- Permissions options for the `notification` group -->
19-->[:firebase_messaging] AndroidManifest.xml:11:5-79
19-->[:firebase_messaging] AndroidManifest.xml:11:22-76
20    <uses-permission android:name="android.permission.POST_NOTIFICATIONS" />
20-->[:firebase_messaging] AndroidManifest.xml:13:5-77
20-->[:firebase_messaging] AndroidManifest.xml:13:22-74
21    <uses-permission android:name="android.permission.ACCESS_COARSE_LOCATION" />
21-->[:location] AndroidManifest.xml:9:5-81
21-->[:location] AndroidManifest.xml:9:22-78
22    <uses-permission android:name="android.permission.ACCESS_FINE_LOCATION" /> <!-- Required by older versions of Google Play services to create IID tokens -->
22-->[:location] AndroidManifest.xml:10:5-79
22-->[:location] AndroidManifest.xml:10:22-76
23    <uses-permission android:name="com.google.android.c2dm.permission.RECEIVE" />
23-->[com.google.firebase:firebase-messaging:23.3.1] AndroidManifest.xml:26:5-82
23-->[com.google.firebase:firebase-messaging:23.3.1] AndroidManifest.xml:26:22-79
24
25    <uses-feature
25-->[com.google.android.gms:play-services-maps:18.2.0] AndroidManifest.xml:26:5-28:35
26        android:glEsVersion="0x00020000"
26-->[com.google.android.gms:play-services-maps:18.2.0] AndroidManifest.xml:27:9-41
27        android:required="true" />
27-->[com.google.android.gms:play-services-maps:18.2.0] AndroidManifest.xml:28:9-32
28
29    <queries>
29-->[com.google.android.gms:play-services-maps:18.2.0] AndroidManifest.xml:30:5-34:15
30
31        <!-- Needs to be explicitly declared on Android R+ -->
32        <package android:name="com.google.android.apps.maps" />
32-->[com.google.android.gms:play-services-maps:18.2.0] AndroidManifest.xml:33:9-64
32-->[com.google.android.gms:play-services-maps:18.2.0] AndroidManifest.xml:33:18-61
33    </queries>
34
35    <permission
35-->[androidx.core:core:1.10.1] AndroidManifest.xml:22:5-24:47
36        android:name="com.example.sp2_e_commerce.DYNAMIC_RECEIVER_NOT_EXPORTED_PERMISSION"
36-->[androidx.core:core:1.10.1] AndroidManifest.xml:23:9-81
37        android:protectionLevel="signature" />
37-->[androidx.core:core:1.10.1] AndroidManifest.xml:24:9-44
38
39    <uses-permission android:name="com.example.sp2_e_commerce.DYNAMIC_RECEIVER_NOT_EXPORTED_PERMISSION" />
39-->[androidx.core:core:1.10.1] AndroidManifest.xml:26:5-97
39-->[androidx.core:core:1.10.1] AndroidManifest.xml:26:22-94
40
41    <application
42        android:name="android.app.Application"
43        android:appComponentFactory="androidx.core.app.CoreComponentFactory"
43-->[androidx.core:core:1.10.1] AndroidManifest.xml:28:18-86
44        android:debuggable="true"
45        android:icon="@mipmap/ic_launcher"
46        android:label="sp2_e_commerce"
47        android:requestLegacyExternalStorage="true" >
48        <activity
49            android:name="com.example.sp2_e_commerce.MainActivity"
50            android:configChanges="orientation|keyboardHidden|keyboard|screenSize|smallestScreenSize|locale|layoutDirection|fontScale|screenLayout|density|uiMode"
51            android:exported="true"
52            android:hardwareAccelerated="true"
53            android:launchMode="singleTop"
54            android:theme="@style/LaunchTheme"
55            android:windowSoftInputMode="adjustResize" >
56
57            <!--
58                 Specifies an Android theme to apply to this Activity as soon as
59                 the Android process has started. This theme is visible to the user
60                 while the Flutter UI initializes. After that, this theme continues
61                 to determine the Window background behind the Flutter UI.
62            -->
63            <meta-data
64                android:name="io.flutter.embedding.android.NormalTheme"
65                android:resource="@style/NormalTheme" />
66
67            <intent-filter>
68                <action android:name="android.intent.action.MAIN" />
69
70                <category android:name="android.intent.category.LAUNCHER" />
71            </intent-filter>
72        </activity>
73        <!--
74             Don't delete the meta-data below.
75             This is used by the Flutter tool to generate GeneratedPluginRegistrant.java
76        -->
77        <meta-data
78            android:name="flutterEmbedding"
79            android:value="2" />
80        <meta-data
81            android:name="com.google.android.geo.API_KEY"
82            android:value="AIzaSyCq7hlabnqxQyrP2xPUlRMycNZR1eWQZmc" />
83
84        <service
84-->[:firebase_messaging] AndroidManifest.xml:16:9-19:72
85            android:name="io.flutter.plugins.firebase.messaging.FlutterFirebaseMessagingBackgroundService"
85-->[:firebase_messaging] AndroidManifest.xml:17:13-107
86            android:exported="false"
86-->[:firebase_messaging] AndroidManifest.xml:18:13-37
87            android:permission="android.permission.BIND_JOB_SERVICE" />
87-->[:firebase_messaging] AndroidManifest.xml:19:13-69
88        <service
88-->[:firebase_messaging] AndroidManifest.xml:20:9-26:19
89            android:name="io.flutter.plugins.firebase.messaging.FlutterFirebaseMessagingService"
89-->[:firebase_messaging] AndroidManifest.xml:21:13-97
90            android:exported="false" >
90-->[:firebase_messaging] AndroidManifest.xml:22:13-37
91            <intent-filter>
91-->[:firebase_messaging] AndroidManifest.xml:23:13-25:29
92                <action android:name="com.google.firebase.MESSAGING_EVENT" />
92-->[:firebase_messaging] AndroidManifest.xml:24:17-78
92-->[:firebase_messaging] AndroidManifest.xml:24:25-75
93            </intent-filter>
94        </service>
95
96        <receiver
96-->[:firebase_messaging] AndroidManifest.xml:28:9-35:20
97            android:name="io.flutter.plugins.firebase.messaging.FlutterFirebaseMessagingReceiver"
97-->[:firebase_messaging] AndroidManifest.xml:29:13-98
98            android:exported="true"
98-->[:firebase_messaging] AndroidManifest.xml:30:13-36
99            android:permission="com.google.android.c2dm.permission.SEND" >
99-->[:firebase_messaging] AndroidManifest.xml:31:13-73
100            <intent-filter>
100-->[:firebase_messaging] AndroidManifest.xml:32:13-34:29
101                <action android:name="com.google.android.c2dm.intent.RECEIVE" />
101-->[:firebase_messaging] AndroidManifest.xml:33:17-81
101-->[:firebase_messaging] AndroidManifest.xml:33:25-78
102            </intent-filter>
103        </receiver>
104
105        <service
105-->[:firebase_messaging] AndroidManifest.xml:37:9-41:19
106            android:name="com.google.firebase.components.ComponentDiscoveryService"
106-->[:firebase_messaging] AndroidManifest.xml:37:18-89
107            android:directBootAware="true"
107-->[com.google.firebase:firebase-common:20.4.2] AndroidManifest.xml:32:13-43
108            android:exported="false" >
108-->[com.google.firebase:firebase-messaging:23.3.1] AndroidManifest.xml:56:13-37
109            <meta-data
109-->[:firebase_messaging] AndroidManifest.xml:38:13-40:85
110                android:name="com.google.firebase.components:io.flutter.plugins.firebase.messaging.FlutterFirebaseAppRegistrar"
110-->[:firebase_messaging] AndroidManifest.xml:39:17-128
111                android:value="com.google.firebase.components.ComponentRegistrar" />
111-->[:firebase_messaging] AndroidManifest.xml:40:17-82
112            <meta-data
112-->[:firebase_core] AndroidManifest.xml:11:13-13:85
113                android:name="com.google.firebase.components:io.flutter.plugins.firebase.core.FlutterFirebaseCoreRegistrar"
113-->[:firebase_core] AndroidManifest.xml:12:17-124
114                android:value="com.google.firebase.components.ComponentRegistrar" />
114-->[:firebase_core] AndroidManifest.xml:13:17-82
115            <meta-data
115-->[com.google.firebase:firebase-messaging:23.3.1] AndroidManifest.xml:57:13-59:85
116                android:name="com.google.firebase.components:com.google.firebase.messaging.FirebaseMessagingKtxRegistrar"
116-->[com.google.firebase:firebase-messaging:23.3.1] AndroidManifest.xml:58:17-122
117                android:value="com.google.firebase.components.ComponentRegistrar" />
117-->[com.google.firebase:firebase-messaging:23.3.1] AndroidManifest.xml:59:17-82
118            <meta-data
118-->[com.google.firebase:firebase-messaging:23.3.1] AndroidManifest.xml:60:13-62:85
119                android:name="com.google.firebase.components:com.google.firebase.messaging.FirebaseMessagingRegistrar"
119-->[com.google.firebase:firebase-messaging:23.3.1] AndroidManifest.xml:61:17-119
120                android:value="com.google.firebase.components.ComponentRegistrar" />
120-->[com.google.firebase:firebase-messaging:23.3.1] AndroidManifest.xml:62:17-82
121            <meta-data
121-->[com.google.firebase:firebase-iid:21.1.0] AndroidManifest.xml:32:13-34:85
122                android:name="com.google.firebase.components:com.google.firebase.iid.Registrar"
122-->[com.google.firebase:firebase-iid:21.1.0] AndroidManifest.xml:33:17-96
123                android:value="com.google.firebase.components.ComponentRegistrar" />
123-->[com.google.firebase:firebase-iid:21.1.0] AndroidManifest.xml:34:17-82
124            <meta-data
124-->[com.google.firebase:firebase-installations:17.2.0] AndroidManifest.xml:15:13-17:85
125                android:name="com.google.firebase.components:com.google.firebase.installations.FirebaseInstallationsKtxRegistrar"
125-->[com.google.firebase:firebase-installations:17.2.0] AndroidManifest.xml:16:17-130
126                android:value="com.google.firebase.components.ComponentRegistrar" />
126-->[com.google.firebase:firebase-installations:17.2.0] AndroidManifest.xml:17:17-82
127            <meta-data
127-->[com.google.firebase:firebase-installations:17.2.0] AndroidManifest.xml:18:13-20:85
128                android:name="com.google.firebase.components:com.google.firebase.installations.FirebaseInstallationsRegistrar"
128-->[com.google.firebase:firebase-installations:17.2.0] AndroidManifest.xml:19:17-127
129                android:value="com.google.firebase.components.ComponentRegistrar" />
129-->[com.google.firebase:firebase-installations:17.2.0] AndroidManifest.xml:20:17-82
130            <meta-data
130-->[com.google.firebase:firebase-common-ktx:20.4.2] AndroidManifest.xml:12:13-14:85
131                android:name="com.google.firebase.components:com.google.firebase.ktx.FirebaseCommonLegacyRegistrar"
131-->[com.google.firebase:firebase-common-ktx:20.4.2] AndroidManifest.xml:13:17-116
132                android:value="com.google.firebase.components.ComponentRegistrar" />
132-->[com.google.firebase:firebase-common-ktx:20.4.2] AndroidManifest.xml:14:17-82
133            <meta-data
133-->[com.google.firebase:firebase-common:20.4.2] AndroidManifest.xml:35:13-37:85
134                android:name="com.google.firebase.components:com.google.firebase.FirebaseCommonKtxRegistrar"
134-->[com.google.firebase:firebase-common:20.4.2] AndroidManifest.xml:36:17-109
135                android:value="com.google.firebase.components.ComponentRegistrar" />
135-->[com.google.firebase:firebase-common:20.4.2] AndroidManifest.xml:37:17-82
136            <meta-data
136-->[com.google.firebase:firebase-datatransport:18.1.7] AndroidManifest.xml:27:13-29:85
137                android:name="com.google.firebase.components:com.google.firebase.datatransport.TransportRegistrar"
137-->[com.google.firebase:firebase-datatransport:18.1.7] AndroidManifest.xml:28:17-115
138                android:value="com.google.firebase.components.ComponentRegistrar" />
138-->[com.google.firebase:firebase-datatransport:18.1.7] AndroidManifest.xml:29:17-82
139        </service>
140
141        <provider
141-->[:firebase_messaging] AndroidManifest.xml:43:9-47:38
142            android:name="io.flutter.plugins.firebase.messaging.FlutterFirebaseMessagingInitProvider"
142-->[:firebase_messaging] AndroidManifest.xml:44:13-102
143            android:authorities="com.example.sp2_e_commerce.flutterfirebasemessaginginitprovider"
143-->[:firebase_messaging] AndroidManifest.xml:45:13-88
144            android:exported="false"
144-->[:firebase_messaging] AndroidManifest.xml:46:13-37
145            android:initOrder="99" />
145-->[:firebase_messaging] AndroidManifest.xml:47:13-35
146        <provider
146-->[:image_picker_android] AndroidManifest.xml:10:9-18:20
147            android:name="io.flutter.plugins.imagepicker.ImagePickerFileProvider"
147-->[:image_picker_android] AndroidManifest.xml:11:13-82
148            android:authorities="com.example.sp2_e_commerce.flutter.image_provider"
148-->[:image_picker_android] AndroidManifest.xml:12:13-74
149            android:exported="false"
149-->[:image_picker_android] AndroidManifest.xml:13:13-37
150            android:grantUriPermissions="true" >
150-->[:image_picker_android] AndroidManifest.xml:14:13-47
151            <meta-data
151-->[:image_picker_android] AndroidManifest.xml:15:13-17:75
152                android:name="android.support.FILE_PROVIDER_PATHS"
152-->[:image_picker_android] AndroidManifest.xml:16:17-67
153                android:resource="@xml/flutter_image_picker_file_paths" />
153-->[:image_picker_android] AndroidManifest.xml:17:17-72
154        </provider>
155
156        <service
156-->[:location] AndroidManifest.xml:13:9-17:56
157            android:name="com.lyokone.location.FlutterLocationService"
157-->[:location] AndroidManifest.xml:14:13-71
158            android:enabled="true"
158-->[:location] AndroidManifest.xml:15:13-35
159            android:exported="false"
159-->[:location] AndroidManifest.xml:16:13-37
160            android:foregroundServiceType="location" />
160-->[:location] AndroidManifest.xml:17:13-53
161
162        <receiver
162-->[com.google.firebase:firebase-messaging:23.3.1] AndroidManifest.xml:29:9-40:20
163            android:name="com.google.firebase.iid.FirebaseInstanceIdReceiver"
163-->[com.google.firebase:firebase-messaging:23.3.1] AndroidManifest.xml:30:13-78
164            android:exported="true"
164-->[com.google.firebase:firebase-messaging:23.3.1] AndroidManifest.xml:31:13-36
165            android:permission="com.google.android.c2dm.permission.SEND" >
165-->[com.google.firebase:firebase-messaging:23.3.1] AndroidManifest.xml:32:13-73
166            <intent-filter>
166-->[:firebase_messaging] AndroidManifest.xml:32:13-34:29
167                <action android:name="com.google.android.c2dm.intent.RECEIVE" />
167-->[:firebase_messaging] AndroidManifest.xml:33:17-81
167-->[:firebase_messaging] AndroidManifest.xml:33:25-78
168            </intent-filter>
169
170            <meta-data
170-->[com.google.firebase:firebase-messaging:23.3.1] AndroidManifest.xml:37:13-39:40
171                android:name="com.google.android.gms.cloudmessaging.FINISHED_AFTER_HANDLED"
171-->[com.google.firebase:firebase-messaging:23.3.1] AndroidManifest.xml:38:17-92
172                android:value="true" />
172-->[com.google.firebase:firebase-messaging:23.3.1] AndroidManifest.xml:39:17-37
173        </receiver>
174        <!--
175             FirebaseMessagingService performs security checks at runtime,
176             but set to not exported to explicitly avoid allowing another app to call it.
177        -->
178        <service
178-->[com.google.firebase:firebase-messaging:23.3.1] AndroidManifest.xml:46:9-53:19
179            android:name="com.google.firebase.messaging.FirebaseMessagingService"
179-->[com.google.firebase:firebase-messaging:23.3.1] AndroidManifest.xml:47:13-82
180            android:directBootAware="true"
180-->[com.google.firebase:firebase-messaging:23.3.1] AndroidManifest.xml:48:13-43
181            android:exported="false" >
181-->[com.google.firebase:firebase-messaging:23.3.1] AndroidManifest.xml:49:13-37
182            <intent-filter android:priority="-500" >
182-->[:firebase_messaging] AndroidManifest.xml:23:13-25:29
183                <action android:name="com.google.firebase.MESSAGING_EVENT" />
183-->[:firebase_messaging] AndroidManifest.xml:24:17-78
183-->[:firebase_messaging] AndroidManifest.xml:24:25-75
184            </intent-filter>
185        </service>
186
187        <provider
187-->[com.google.firebase:firebase-common:20.4.2] AndroidManifest.xml:23:9-28:39
188            android:name="com.google.firebase.provider.FirebaseInitProvider"
188-->[com.google.firebase:firebase-common:20.4.2] AndroidManifest.xml:24:13-77
189            android:authorities="com.example.sp2_e_commerce.firebaseinitprovider"
189-->[com.google.firebase:firebase-common:20.4.2] AndroidManifest.xml:25:13-72
190            android:directBootAware="true"
190-->[com.google.firebase:firebase-common:20.4.2] AndroidManifest.xml:26:13-43
191            android:exported="false"
191-->[com.google.firebase:firebase-common:20.4.2] AndroidManifest.xml:27:13-37
192            android:initOrder="100" /> <!-- Needs to be explicitly declared on P+ -->
192-->[com.google.firebase:firebase-common:20.4.2] AndroidManifest.xml:28:13-36
193        <uses-library
193-->[com.google.android.gms:play-services-maps:18.2.0] AndroidManifest.xml:39:9-41:40
194            android:name="org.apache.http.legacy"
194-->[com.google.android.gms:play-services-maps:18.2.0] AndroidManifest.xml:40:13-50
195            android:required="false" />
195-->[com.google.android.gms:play-services-maps:18.2.0] AndroidManifest.xml:41:13-37
196
197        <activity
197-->[com.google.android.gms:play-services-base:18.1.0] AndroidManifest.xml:20:9-22:45
198            android:name="com.google.android.gms.common.api.GoogleApiActivity"
198-->[com.google.android.gms:play-services-base:18.1.0] AndroidManifest.xml:20:19-85
199            android:exported="false"
199-->[com.google.android.gms:play-services-base:18.1.0] AndroidManifest.xml:22:19-43
200            android:theme="@android:style/Theme.Translucent.NoTitleBar" />
200-->[com.google.android.gms:play-services-base:18.1.0] AndroidManifest.xml:21:19-78
201
202        <meta-data
202-->[com.google.android.gms:play-services-basement:18.1.0] AndroidManifest.xml:21:9-23:69
203            android:name="com.google.android.gms.version"
203-->[com.google.android.gms:play-services-basement:18.1.0] AndroidManifest.xml:22:13-58
204            android:value="@integer/google_play_services_version" />
204-->[com.google.android.gms:play-services-basement:18.1.0] AndroidManifest.xml:23:13-66
205
206        <uses-library
206-->[androidx.window:window:1.0.0-beta04] AndroidManifest.xml:25:9-27:40
207            android:name="androidx.window.extensions"
207-->[androidx.window:window:1.0.0-beta04] AndroidManifest.xml:26:13-54
208            android:required="false" />
208-->[androidx.window:window:1.0.0-beta04] AndroidManifest.xml:27:13-37
209        <uses-library
209-->[androidx.window:window:1.0.0-beta04] AndroidManifest.xml:28:9-30:40
210            android:name="androidx.window.sidecar"
210-->[androidx.window:window:1.0.0-beta04] AndroidManifest.xml:29:13-51
211            android:required="false" />
211-->[androidx.window:window:1.0.0-beta04] AndroidManifest.xml:30:13-37
212
213        <provider
213-->[androidx.profileinstaller:profileinstaller:1.3.0] AndroidManifest.xml:24:9-32:20
214            android:name="androidx.startup.InitializationProvider"
214-->[androidx.profileinstaller:profileinstaller:1.3.0] AndroidManifest.xml:25:13-67
215            android:authorities="com.example.sp2_e_commerce.androidx-startup"
215-->[androidx.profileinstaller:profileinstaller:1.3.0] AndroidManifest.xml:26:13-68
216            android:exported="false" >
216-->[androidx.profileinstaller:profileinstaller:1.3.0] AndroidManifest.xml:27:13-37
217            <meta-data
217-->[androidx.profileinstaller:profileinstaller:1.3.0] AndroidManifest.xml:29:13-31:52
218                android:name="androidx.profileinstaller.ProfileInstallerInitializer"
218-->[androidx.profileinstaller:profileinstaller:1.3.0] AndroidManifest.xml:30:17-85
219                android:value="androidx.startup" />
219-->[androidx.profileinstaller:profileinstaller:1.3.0] AndroidManifest.xml:31:17-49
220        </provider>
221
222        <receiver
222-->[androidx.profileinstaller:profileinstaller:1.3.0] AndroidManifest.xml:34:9-52:20
223            android:name="androidx.profileinstaller.ProfileInstallReceiver"
223-->[androidx.profileinstaller:profileinstaller:1.3.0] AndroidManifest.xml:35:13-76
224            android:directBootAware="false"
224-->[androidx.profileinstaller:profileinstaller:1.3.0] AndroidManifest.xml:36:13-44
225            android:enabled="true"
225-->[androidx.profileinstaller:profileinstaller:1.3.0] AndroidManifest.xml:37:13-35
226            android:exported="true"
226-->[androidx.profileinstaller:profileinstaller:1.3.0] AndroidManifest.xml:38:13-36
227            android:permission="android.permission.DUMP" >
227-->[androidx.profileinstaller:profileinstaller:1.3.0] AndroidManifest.xml:39:13-57
228            <intent-filter>
228-->[androidx.profileinstaller:profileinstaller:1.3.0] AndroidManifest.xml:40:13-42:29
229                <action android:name="androidx.profileinstaller.action.INSTALL_PROFILE" />
229-->[androidx.profileinstaller:profileinstaller:1.3.0] AndroidManifest.xml:41:17-91
229-->[androidx.profileinstaller:profileinstaller:1.3.0] AndroidManifest.xml:41:25-88
230            </intent-filter>
231            <intent-filter>
231-->[androidx.profileinstaller:profileinstaller:1.3.0] AndroidManifest.xml:43:13-45:29
232                <action android:name="androidx.profileinstaller.action.SKIP_FILE" />
232-->[androidx.profileinstaller:profileinstaller:1.3.0] AndroidManifest.xml:44:17-85
232-->[androidx.profileinstaller:profileinstaller:1.3.0] AndroidManifest.xml:44:25-82
233            </intent-filter>
234            <intent-filter>
234-->[androidx.profileinstaller:profileinstaller:1.3.0] AndroidManifest.xml:46:13-48:29
235                <action android:name="androidx.profileinstaller.action.SAVE_PROFILE" />
235-->[androidx.profileinstaller:profileinstaller:1.3.0] AndroidManifest.xml:47:17-88
235-->[androidx.profileinstaller:profileinstaller:1.3.0] AndroidManifest.xml:47:25-85
236            </intent-filter>
237            <intent-filter>
237-->[androidx.profileinstaller:profileinstaller:1.3.0] AndroidManifest.xml:49:13-51:29
238                <action android:name="androidx.profileinstaller.action.BENCHMARK_OPERATION" />
238-->[androidx.profileinstaller:profileinstaller:1.3.0] AndroidManifest.xml:50:17-95
238-->[androidx.profileinstaller:profileinstaller:1.3.0] AndroidManifest.xml:50:25-92
239            </intent-filter>
240        </receiver>
241
242        <service
242-->[com.google.android.datatransport:transport-backend-cct:3.1.8] AndroidManifest.xml:28:9-34:19
243            android:name="com.google.android.datatransport.runtime.backends.TransportBackendDiscovery"
243-->[com.google.android.datatransport:transport-backend-cct:3.1.8] AndroidManifest.xml:29:13-103
244            android:exported="false" >
244-->[com.google.android.datatransport:transport-backend-cct:3.1.8] AndroidManifest.xml:30:13-37
245            <meta-data
245-->[com.google.android.datatransport:transport-backend-cct:3.1.8] AndroidManifest.xml:31:13-33:39
246                android:name="backend:com.google.android.datatransport.cct.CctBackendFactory"
246-->[com.google.android.datatransport:transport-backend-cct:3.1.8] AndroidManifest.xml:32:17-94
247                android:value="cct" />
247-->[com.google.android.datatransport:transport-backend-cct:3.1.8] AndroidManifest.xml:33:17-36
248        </service>
249        <service
249-->[com.google.android.datatransport:transport-runtime:3.1.8] AndroidManifest.xml:26:9-30:19
250            android:name="com.google.android.datatransport.runtime.scheduling.jobscheduling.JobInfoSchedulerService"
250-->[com.google.android.datatransport:transport-runtime:3.1.8] AndroidManifest.xml:27:13-117
251            android:exported="false"
251-->[com.google.android.datatransport:transport-runtime:3.1.8] AndroidManifest.xml:28:13-37
252            android:permission="android.permission.BIND_JOB_SERVICE" >
252-->[com.google.android.datatransport:transport-runtime:3.1.8] AndroidManifest.xml:29:13-69
253        </service>
254
255        <receiver
255-->[com.google.android.datatransport:transport-runtime:3.1.8] AndroidManifest.xml:32:9-34:40
256            android:name="com.google.android.datatransport.runtime.scheduling.jobscheduling.AlarmManagerSchedulerBroadcastReceiver"
256-->[com.google.android.datatransport:transport-runtime:3.1.8] AndroidManifest.xml:33:13-132
257            android:exported="false" />
257-->[com.google.android.datatransport:transport-runtime:3.1.8] AndroidManifest.xml:34:13-37
258    </application>
259
260</manifest>